2025-10-01 15:31:30,880 INFO o.a.j.u.JMeterUtils: Setting Locale to en_EN
2025-10-01 15:31:30,888 INFO o.a.j.JMeter: Loading user properties from: user.properties
2025-10-01 15:31:30,888 INFO o.a.j.JMeter: Loading system properties from: system.properties
2025-10-01 15:31:30,892 INFO o.a.j.JMeter: Copyright (c) 1998-2024 The Apache Software Foundation
2025-10-01 15:31:30,892 INFO o.a.j.JMeter: Version 5.6.3
2025-10-01 15:31:30,892 INFO o.a.j.JMeter: java.version=1.8.0_461
2025-10-01 15:31:30,892 INFO o.a.j.JMeter: java.vm.name=Java HotSpot(TM) Client VM
2025-10-01 15:31:30,892 INFO o.a.j.JMeter: os.name=Windows 11
2025-10-01 15:31:30,892 INFO o.a.j.JMeter: os.arch=x86
2025-10-01 15:31:30,892 INFO o.a.j.JMeter: os.version=10.0
2025-10-01 15:31:30,892 INFO o.a.j.JMeter: file.encoding=Cp1252
2025-10-01 15:31:30,892 INFO o.a.j.JMeter: java.awt.headless=null
2025-10-01 15:31:30,892 INFO o.a.j.JMeter: Max memory     =1073741824
2025-10-01 15:31:30,893 INFO o.a.j.JMeter: Available Processors =20
2025-10-01 15:31:30,895 INFO o.a.j.JMeter: Default Locale=English (EN)
2025-10-01 15:31:30,895 INFO o.a.j.JMeter: JMeter  Locale=English (EN)
2025-10-01 15:31:30,895 INFO o.a.j.JMeter: JMeterHome=C:\Users\guiol\Downloads\apache-jmeter-5.6.3\apache-jmeter-5.6.3
2025-10-01 15:31:30,895 INFO o.a.j.JMeter: user.dir  =C:\Users\guiol\Downloads\apache-jmeter-5.6.3\apache-jmeter-5.6.3\bin
2025-10-01 15:31:30,895 INFO o.a.j.JMeter: PWD       =C:\Users\guiol\Downloads\apache-jmeter-5.6.3\apache-jmeter-5.6.3\bin
2025-10-01 15:31:36,120 INFO o.a.j.JMeter: IP: 192.168.56.1 Name: BluePredator FullName: BluePredator
2025-10-01 15:31:36,146 INFO o.a.j.JMeter: Loaded icon properties from org/apache/jmeter/images/icon.properties
2025-10-01 15:31:36,512 INFO o.a.j.JMeterGuiLauncher: Setting LAF to: com.github.weisj.darklaf.DarkLaf:com.github.weisj.darklaf.theme.DarculaTheme
